STAGE DEPENDENCIES:
  Stage-1 is a root stage
  Stage-2 depends on stages: Stage-1
  Stage-0 depends on stages: Stage-2

STAGE PLANS:
  Stage: Stage-1
    Map Reduce
      Map Operator Tree:
          TableScan
            alias: hotels
            Statistics: Num rows: 214605 Data size: 23456973 Basic stats: COMPLETE Column stats: NONE
            Select Operator
              expressions: id (type: string), tmpr_c (type: double), date_year (type: int), date_month (type: int)
              outputColumnNames: id, tmpr_c, date_year, date_month
              Statistics: Num rows: 214605 Data size: 23456973 Basic stats: COMPLETE Column stats: NONE
              Group By Operator
                aggregations: max(tmpr_c), min(tmpr_c)
                keys: id (type: string), date_year (type: int), date_month (type: int)
                mode: hash
                outputColumnNames: _col0, _col1, _col2, _col3, _col4
                Statistics: Num rows: 214605 Data size: 23456973 Basic stats: COMPLETE Column stats: NONE
                Reduce Output Operator
                  key expressions: _col0 (type: string), _col1 (type: int), _col2 (type: int)
                  sort order: +++
                  Map-reduce partition columns: _col0 (type: string), _col1 (type: int), _col2 (type: int)
                  Statistics: Num rows: 214605 Data size: 23456973 Basic stats: COMPLETE Column stats: NONE
                  value expressions: _col3 (type: double), _col4 (type: double)
      Execution mode: vectorized
      Reduce Operator Tree:
        Group By Operator
          aggregations: max(VALUE._col0), min(VALUE._col1)
          keys: KEY._col0 (type: string), KEY._col1 (type: int), KEY._col2 (type: int)
          mode: mergepartial
          outputColumnNames: _col0, _col1, _col2, _col3, _col4
          Statistics: Num rows: 107302 Data size: 11728431 Basic stats: COMPLETE Column stats: NONE
          File Output Operator
            compressed: false
            table:
                input format: org.apache.hadoop.mapred.SequenceFileInputFormat
                output format: org.apache.hadoop.hive.ql.io.HiveSequenceFileOutputFormat
                serde: org.apache.hadoop.hive.serde2.lazybinary.LazyBinarySerDe

  Stage: Stage-2
    Map Reduce
      Map Operator Tree:
          TableScan
            Reduce Output Operator
              key expressions: _col2 (type: int), _col1 (type: int), (_col3 - _col4) (type: double)
              sort order: ++-
              Map-reduce partition columns: _col2 (type: int), _col1 (type: int)
              Statistics: Num rows: 107302 Data size: 11728431 Basic stats: COMPLETE Column stats: NONE
              TopN Hash Memory Usage: 0.1
              value expressions: _col0 (type: string), _col3 (type: double), _col4 (type: double)
      Execution mode: vectorized
      Reduce Operator Tree:
        Select Operator
          expressions: VALUE._col0 (type: string), KEY.reducesinkkey1 (type: int), KEY.reducesinkkey0 (type: int), VALUE._col1 (type: double), VALUE._col2 (type: double)
          outputColumnNames: _col0, _col1, _col2, _col3, _col4
          Statistics: Num rows: 107302 Data size: 11728431 Basic stats: COMPLETE Column stats: NONE
          PTF Operator
            Function definitions:
                Input definition
                  input alias: ptf_0
                  output shape: _col0: string, _col1: int, _col2: int, _col3: double, _col4: double
                  type: WINDOWING
                Windowing table definition
                  input alias: ptf_1
                  name: windowingtablefunction
                  order by: (_col3 - _col4) DESC NULLS LAST
                  partition by: _col2, _col1
                  raw input shape:
                  window functions:
                      window function definition
                        alias: rank_window_0
                        arguments: (_col3 - _col4)
                        name: rank
                        window function: GenericUDAFRankEvaluator
                        window frame: ROWS PRECEDING(MAX)~FOLLOWING(MAX)
                        isPivotResult: true
            Statistics: Num rows: 107302 Data size: 11728431 Basic stats: COMPLETE Column stats: NONE
            Filter Operator
              predicate: (rank_window_0 <= 10) (type: boolean)
              Statistics: Num rows: 35767 Data size: 3909440 Basic stats: COMPLETE Column stats: NONE
              Select Operator
                expressions: _col0 (type: string), _col1 (type: int), _col2 (type: int), (_col3 - _col4) (type: double)
                outputColumnNames: _col0, _col1, _col2, _col3
                Statistics: Num rows: 35767 Data size: 3909440 Basic stats: COMPLETE Column stats: NONE
                File Output Operator
                  compressed: false
                  Statistics: Num rows: 35767 Data size: 3909440 Basic stats: COMPLETE Column stats: NONE
                  table:
                      input format: org.apache.hadoop.mapred.SequenceFileInputFormat
                      output format: org.apache.hadoop.hive.ql.io.HiveSequenceFileOutputFormat
                      serde: org.apache.hadoop.hive.serde2.lazy.LazySimpleSerDe

  Stage: Stage-0
    Fetch Operator
      limit: -1
      Processor Tree:
        ListSink