STAGE DEPENDENCIES:
  Stage-5 is a root stage , consists of Stage-6, Stage-1
  Stage-6 has a backup stage: Stage-1
  Stage-4 depends on stages: Stage-6
  Stage-2 depends on stages: Stage-1, Stage-4
  Stage-1
  Stage-0 depends on stages: Stage-2

STAGE PLANS:
  Stage: Stage-5
    Conditional Operator

  Stage: Stage-6
    Map Reduce Local Work
      Alias -> Map Local Tables:
        long_visits_enriched:hotels
          Fetch Operator
            limit: -1
      Alias -> Map Local Operator Tree:
        long_visits_enriched:hotels
          TableScan
            alias: hotels
            Statistics: Num rows: 214605 Data size: 23456973 Basic stats: COMPLETE Column stats: NONE
            Filter Operator
              predicate: UDFToDouble(id) is not null (type: boolean)
              Statistics: Num rows: 214605 Data size: 23456973 Basic stats: COMPLETE Column stats: NONE
              HashTable Sink Operator
                keys:
                  0 UDFToDouble(_col19) (type: double)
                  1 UDFToDouble(id) (type: double)

  Stage: Stage-4
    Map Reduce
      Map Operator Tree:
          TableScan
            alias: visits
            Statistics: Num rows: 2528221 Data size: 337744370 Basic stats: COMPLETE Column stats: NONE
            Filter Operator
              predicate: ((datediff(srch_co, srch_ci) > 7) and UDFToDouble(hotel_id) is not null) (type: boolean)
              Statistics: Num rows: 842740 Data size: 112581412 Basic stats: COMPLETE Column stats: NONE
              Select Operator
                expressions: id (type: bigint), srch_ci (type: string), srch_co (type: string), hotel_id (type: bigint)
                outputColumnNames: _col0, _col12, _col13, _col19
                Statistics: Num rows: 842740 Data size: 112581412 Basic stats: COMPLETE Column stats: NONE
                Map Join Operator
                  condition map:
                       Inner Join 0 to 1
                  keys:
                    0 UDFToDouble(_col19) (type: double)
                    1 UDFToDouble(id) (type: double)
                  outputColumnNames: _col0, _col12, _col13, _col35, _col38
                  Statistics: Num rows: 927014 Data size: 123839555 Basic stats: COMPLETE Column stats: NONE
                  Filter Operator
                    predicate: ((_col35 <= _col13) and (_col35 >= _col12)) (type: boolean)
                    Statistics: Num rows: 103001 Data size: 13759876 Basic stats: COMPLETE Column stats: NONE
                    Select Operator
                      expressions: _col0 (type: bigint), _col35 (type: string), _col38 (type: double)
                      outputColumnNames: _col0, _col35, _col38
                      Statistics: Num rows: 103001 Data size: 13759876 Basic stats: COMPLETE Column stats: NONE
                      Group By Operator
                        aggregations: collect_list(concat_ws('x', _col35, UDFToString(_col38))), avg(_col38)
                        keys: _col0 (type: bigint)
                        mode: hash
                        outputColumnNames: _col0, _col1, _col2
                        Statistics: Num rows: 103001 Data size: 13759876 Basic stats: COMPLETE Column stats: NONE
                        File Output Operator
                          compressed: false
                          table:
                              input format: org.apache.hadoop.mapred.SequenceFileInputFormat
                              output format: org.apache.hadoop.hive.ql.io.HiveSequenceFileOutputFormat
                              serde: org.apache.hadoop.hive.serde2.lazybinary.LazyBinarySerDe
      Local Work:
        Map Reduce Local Work

  Stage: Stage-2
    Map Reduce
      Map Operator Tree:
          TableScan
            Reduce Output Operator
              key expressions: _col0 (type: bigint)
              sort order: +
              Map-reduce partition columns: _col0 (type: bigint)
              Statistics: Num rows: 103001 Data size: 13759876 Basic stats: COMPLETE Column stats: NONE
              TopN Hash Memory Usage: 0.1
              value expressions: _col1 (type: array<string>), _col2 (type: struct<count:bigint,sum:double,input:double>)
      Execution mode: vectorized
      Reduce Operator Tree:
        Group By Operator
          aggregations: collect_list(VALUE._col0), avg(VALUE._col1)
          keys: KEY._col0 (type: bigint)
          mode: mergepartial
          outputColumnNames: _col0, _col1, _col2
          Statistics: Num rows: 51500 Data size: 6879871 Basic stats: COMPLETE Column stats: NONE
          Select Operator
            expressions: _col0 (type: bigint), sort_array(_col1) (type: array<string>), _col2 (type: double)
            outputColumnNames: _col0, _col1, _col2
            Statistics: Num rows: 51500 Data size: 6879871 Basic stats: COMPLETE Column stats: NONE
            Select Operator
              expressions: _col0 (type: bigint), CAST( _col2 AS decimal(12,2)) (type: decimal(12,2)), (CAST( split(_col1[(size(_col1) - 1)], 'x')[1] AS decimal(12,2)) - CAST( split(_col1[0], 'x')[1] AS decimal(12,2))) (type: decimal(13,2))
              outputColumnNames: _col0, _col1, _col2
              Statistics: Num rows: 51500 Data size: 6879871 Basic stats: COMPLETE Column stats: NONE
              Limit
                Number of rows: 10
                Statistics: Num rows: 10 Data size: 1330 Basic stats: COMPLETE Column stats: NONE
                File Output Operator
                  compressed: false
                  Statistics: Num rows: 10 Data size: 1330 Basic stats: COMPLETE Column stats: NONE
                  table:
                      input format: org.apache.hadoop.mapred.SequenceFileInputFormat
                      output format: org.apache.hadoop.hive.ql.io.HiveSequenceFileOutputFormat
                      serde: org.apache.hadoop.hive.serde2.lazy.LazySimpleSerDe

  Stage: Stage-1
    Map Reduce
      Map Operator Tree:
          TableScan
            alias: visits
            Statistics: Num rows: 2528221 Data size: 337744370 Basic stats: COMPLETE Column stats: NONE
            Filter Operator
              predicate: ((datediff(srch_co, srch_ci) > 7) and UDFToDouble(hotel_id) is not null) (type: boolean)
              Statistics: Num rows: 842740 Data size: 112581412 Basic stats: COMPLETE Column stats: NONE
              Select Operator
                expressions: id (type: bigint), srch_ci (type: string), srch_co (type: string), hotel_id (type: bigint)
                outputColumnNames: _col0, _col12, _col13, _col19
                Statistics: Num rows: 842740 Data size: 112581412 Basic stats: COMPLETE Column stats: NONE
                Reduce Output Operator
                  key expressions: UDFToDouble(_col19) (type: double)
                  sort order: +
                  Map-reduce partition columns: UDFToDouble(_col19) (type: double)
                  Statistics: Num rows: 842740 Data size: 112581412 Basic stats: COMPLETE Column stats: NONE
                  value expressions: _col0 (type: bigint), _col12 (type: string), _col13 (type: string)
          TableScan
            alias: hotels
            Statistics: Num rows: 214605 Data size: 23456973 Basic stats: COMPLETE Column stats: NONE
            Filter Operator
              predicate: UDFToDouble(id) is not null (type: boolean)
              Statistics: Num rows: 214605 Data size: 23456973 Basic stats: COMPLETE Column stats: NONE
              Reduce Output Operator
                key expressions: UDFToDouble(id) (type: double)
                sort order: +
                Map-reduce partition columns: UDFToDouble(id) (type: double)
                Statistics: Num rows: 214605 Data size: 23456973 Basic stats: COMPLETE Column stats: NONE
                value expressions: date_full (type: string), tmpr_c (type: double)
      Reduce Operator Tree:
        Join Operator
          condition map:
               Inner Join 0 to 1
          keys:
            0 UDFToDouble(_col19) (type: double)
            1 UDFToDouble(id) (type: double)
          outputColumnNames: _col0, _col12, _col13, _col35, _col38
          Statistics: Num rows: 927014 Data size: 123839555 Basic stats: COMPLETE Column stats: NONE
          Filter Operator
            predicate: ((_col35 <= _col13) and (_col35 >= _col12)) (type: boolean)
            Statistics: Num rows: 103001 Data size: 13759876 Basic stats: COMPLETE Column stats: NONE
            Select Operator
              expressions: _col0 (type: bigint), _col35 (type: string), _col38 (type: double)
              outputColumnNames: _col0, _col35, _col38
              Statistics: Num rows: 103001 Data size: 13759876 Basic stats: COMPLETE Column stats: NONE
              Group By Operator
                aggregations: collect_list(concat_ws('x', _col35, UDFToString(_col38))), avg(_col38)
                keys: _col0 (type: bigint)
                mode: hash
                outputColumnNames: _col0, _col1, _col2
                Statistics: Num rows: 103001 Data size: 13759876 Basic stats: COMPLETE Column stats: NONE
                File Output Operator
                  compressed: false
                  table:
                      input format: org.apache.hadoop.mapred.SequenceFileInputFormat
                      output format: org.apache.hadoop.hive.ql.io.HiveSequenceFileOutputFormat
                      serde: org.apache.hadoop.hive.serde2.lazybinary.LazyBinarySerDe

  Stage: Stage-0
    Fetch Operator
      limit: 10
      Processor Tree:
        ListSink