No Stats for default@date_dim, Columns: month, year
Warning: Map Join MAPJOIN[60][bigTable=?] in task 'Stage-7:MAPRED' is a cross product
Warning: Map Join MAPJOIN[50][bigTable=?] in task 'Stage-6:MAPRED' is a cross product
Warning: Shuffle Join JOIN[14][tables = [$hdt$_0, $hdt$_1]] in Stage 'Stage-2:MAPRED' is a cross product
OK
STAGE DEPENDENCIES:
  Stage-1 is a root stage
  Stage-8 depends on stages: Stage-1, Stage-5 , consists of Stage-9, Stage-10, Stage-2
  Stage-9 has a backup stage: Stage-2
  Stage-6 depends on stages: Stage-9
  Stage-3 depends on stages: Stage-2, Stage-6, Stage-7
  Stage-4 depends on stages: Stage-3
  Stage-10 has a backup stage: Stage-2
  Stage-7 depends on stages: Stage-10
  Stage-2
  Stage-5 is a root stage
  Stage-0 depends on stages: Stage-4

STAGE PLANS:
  Stage: Stage-1
    Map Reduce
      Map Operator Tree:
          TableScan
            alias: visits
            Statistics: Num rows: 2528221 Data size: 337744370 Basic stats: COMPLETE Column stats: NONE
            Select Operator
              expressions: hotel_id (type: bigint), year_in (type: int), month_in (type: int), year_out (type: int), month_out (type: int)
              outputColumnNames: hotel_id, year_in, month_in, year_out, month_out
              Statistics: Num rows: 2528221 Data size: 337744370 Basic stats: COMPLETE Column stats: NONE
              Group By Operator
                aggregations: count()
                keys: hotel_id (type: bigint), year_in (type: int), month_in (type: int), year_out (type: int), month_out (type: int)
                mode: hash
                outputColumnNames: _col0, _col1, _col2, _col3, _col4, _col5
                Statistics: Num rows: 2528221 Data size: 337744370 Basic stats: COMPLETE Column stats: NONE
                Reduce Output Operator
                  key expressions: _col0 (type: bigint), _col1 (type: int), _col2 (type: int), _col3 (type: int), _col4 (type: int)
                  sort order: +++++
                  Map-reduce partition columns: _col0 (type: bigint), _col1 (type: int), _col2 (type: int), _col3 (type: int), _col4 (type: int)
                  Statistics: Num rows: 2528221 Data size: 337744370 Basic stats: COMPLETE Column stats: NONE
                  value expressions: _col5 (type: bigint)
      Execution mode: vectorized
      Reduce Operator Tree:
        Group By Operator
          aggregations: count(VALUE._col0)
          keys: KEY._col0 (type: bigint), KEY._col1 (type: int), KEY._col2 (type: int), KEY._col3 (type: int), KEY._col4 (type: int)
          mode: mergepartial
          outputColumnNames: _col0, _col1, _col2, _col3, _col4, _col5
          Statistics: Num rows: 1264110 Data size: 168872118 Basic stats: COMPLETE Column stats: NONE
          Select Operator
            expressions: _col0 (type: bigint), _col2 (type: int), _col1 (type: int), _col4 (type: int), _col3 (type: int), _col5 (type: bigint)
            outputColumnNames: _col0, _col1, _col2, _col3, _col4, _col5
            Statistics: Num rows: 1264110 Data size: 168872118 Basic stats: COMPLETE Column stats: NONE
            File Output Operator
              compressed: false
              table:
                  input format: org.apache.hadoop.mapred.SequenceFileInputFormat
                  output format: org.apache.hadoop.hive.ql.io.HiveSequenceFileOutputFormat
                  serde: org.apache.hadoop.hive.serde2.lazybinary.LazyBinarySerDe

  Stage: Stage-8
    Conditional Operator

  Stage: Stage-9
    Map Reduce Local Work
      Alias -> Map Local Tables:
        $hdt$_0:$hdt$_0:$INTNAME1
          Fetch Operator
            limit: -1
      Alias -> Map Local Operator Tree:
        $hdt$_0:$hdt$_0:$INTNAME1
          TableScan
            HashTable Sink Operator
              keys:
                0
                1

  Stage: Stage-6
    Map Reduce
      Map Operator Tree:
          TableScan
            Map Join Operator
              condition map:
                   Inner Join 0 to 1
              keys:
                0
                1
              outputColumnNames: _col0, _col1, _col2, _col3, _col4, _col5, _col6, _col7
              Statistics: Num rows: 922800300 Data size: 150127606650 Basic stats: COMPLETE Column stats: NONE
              Filter Operator
                predicate: ((_col4 >= _col6) and (_col3 >= _col7) and (_col2 <= _col6) and (_col1 <= _col7)) (type: boolean)
                Statistics: Num rows: 11392596 Data size: 1853427194 Basic stats: COMPLETE Column stats: NONE
                Select Operator
                  expressions: _col0 (type: bigint), _col5 (type: bigint), _col6 (type: int), _col7 (type: int)
                  outputColumnNames: _col0, _col5, _col6, _col7
                  Statistics: Num rows: 11392596 Data size: 1853427194 Basic stats: COMPLETE Column stats: NONE
                  Group By Operator
                    aggregations: sum(_col5)
                    keys: _col0 (type: bigint), _col6 (type: int), _col7 (type: int)
                    mode: hash
                    outputColumnNames: _col0, _col1, _col2, _col3
                    Statistics: Num rows: 11392596 Data size: 1853427194 Basic stats: COMPLETE Column stats: NONE
                    File Output Operator
                      compressed: false
                      table:
                          input format: org.apache.hadoop.mapred.SequenceFileInputFormat
                          output format: org.apache.hadoop.hive.ql.io.HiveSequenceFileOutputFormat
                          serde: org.apache.hadoop.hive.serde2.lazybinary.LazyBinarySerDe
      Execution mode: vectorized
      Local Work:
        Map Reduce Local Work

  Stage: Stage-3
    Map Reduce
      Map Operator Tree:
          TableScan
            Reduce Output Operator
              key expressions: _col0 (type: bigint), _col1 (type: int), _col2 (type: int)
              sort order: +++
              Map-reduce partition columns: _col0 (type: bigint), _col1 (type: int), _col2 (type: int)
              Statistics: Num rows: 11392596 Data size: 1853427194 Basic stats: COMPLETE Column stats: NONE
              value expressions: _col3 (type: bigint)
      Execution mode: vectorized
      Reduce Operator Tree:
        Group By Operator
          aggregations: sum(VALUE._col0)
          keys: KEY._col0 (type: bigint), KEY._col1 (type: int), KEY._col2 (type: int)
          mode: mergepartial
          outputColumnNames: _col0, _col1, _col2, _col3
          Statistics: Num rows: 5696298 Data size: 926713597 Basic stats: COMPLETE Column stats: NONE
          File Output Operator
            compressed: false
            table:
                input format: org.apache.hadoop.mapred.SequenceFileInputFormat
                output format: org.apache.hadoop.hive.ql.io.HiveSequenceFileOutputFormat
                serde: org.apache.hadoop.hive.serde2.lazybinary.LazyBinarySerDe

  Stage: Stage-4
    Map Reduce
      Map Operator Tree:
          TableScan
            Reduce Output Operator
              key expressions: _col1 (type: int), _col2 (type: int), _col3 (type: bigint)
              sort order: ++-
              Map-reduce partition columns: _col1 (type: int), _col2 (type: int)
              Statistics: Num rows: 5696298 Data size: 926713597 Basic stats: COMPLETE Column stats: NONE
              value expressions: _col0 (type: bigint)
      Execution mode: vectorized
      Reduce Operator Tree:
        Select Operator
          expressions: VALUE._col0 (type: bigint), KEY.reducesinkkey0 (type: int), KEY.reducesinkkey1 (type: int), KEY.reducesinkkey2 (type: bigint)
          outputColumnNames: _col0, _col1, _col2, _col3
          Statistics: Num rows: 5696298 Data size: 926713597 Basic stats: COMPLETE Column stats: NONE
          PTF Operator
            Function definitions:
                Input definition
                  input alias: ptf_0
                  output shape: _col0: bigint, _col1: int, _col2: int, _col3: bigint
                  type: WINDOWING
                Windowing table definition
                  input alias: ptf_1
                  name: windowingtablefunction
                  order by: _col3 DESC NULLS LAST
                  partition by: _col1, _col2
                  raw input shape:
                  window functions:
                      window function definition
                        alias: row_number_window_0
                        name: row_number
                        window function: GenericUDAFRowNumberEvaluator
                        window frame: ROWS PRECEDING(MAX)~FOLLOWING(MAX)
                        isPivotResult: true
            Statistics: Num rows: 5696298 Data size: 926713597 Basic stats: COMPLETE Column stats: NONE
            Filter Operator
              predicate: (row_number_window_0 <= 10) (type: boolean)
              Statistics: Num rows: 1898766 Data size: 308904532 Basic stats: COMPLETE Column stats: NONE
              Select Operator
                expressions: _col0 (type: bigint), _col1 (type: int), _col2 (type: int), _col3 (type: bigint), row_number_window_0 (type: int)
                outputColumnNames: _col0, _col1, _col2, _col3, _col4
                Statistics: Num rows: 1898766 Data size: 308904532 Basic stats: COMPLETE Column stats: NONE
                File Output Operator
                  compressed: false
                  Statistics: Num rows: 1898766 Data size: 308904532 Basic stats: COMPLETE Column stats: NONE
                  table:
                      input format: org.apache.hadoop.mapred.SequenceFileInputFormat
                      output format: org.apache.hadoop.hive.ql.io.HiveSequenceFileOutputFormat
                      serde: org.apache.hadoop.hive.serde2.lazy.LazySimpleSerDe

  Stage: Stage-10
    Map Reduce Local Work
      Alias -> Map Local Tables:
        $hdt$_0:$hdt$_0:$INTNAME
          Fetch Operator
            limit: -1
      Alias -> Map Local Operator Tree:
        $hdt$_0:$hdt$_0:$INTNAME
          TableScan
            HashTable Sink Operator
              keys:
                0
                1

  Stage: Stage-7
    Map Reduce
      Map Operator Tree:
          TableScan
            Map Join Operator
              condition map:
                   Inner Join 0 to 1
              keys:
                0
                1
              outputColumnNames: _col0, _col1, _col2, _col3, _col4, _col5, _col6, _col7
              Statistics: Num rows: 922800300 Data size: 150127606650 Basic stats: COMPLETE Column stats: NONE
              Filter Operator
                predicate: ((_col4 >= _col6) and (_col3 >= _col7) and (_col2 <= _col6) and (_col1 <= _col7)) (type: boolean)
                Statistics: Num rows: 11392596 Data size: 1853427194 Basic stats: COMPLETE Column stats: NONE
                Select Operator
                  expressions: _col0 (type: bigint), _col5 (type: bigint), _col6 (type: int), _col7 (type: int)
                  outputColumnNames: _col0, _col5, _col6, _col7
                  Statistics: Num rows: 11392596 Data size: 1853427194 Basic stats: COMPLETE Column stats: NONE
                  Group By Operator
                    aggregations: sum(_col5)
                    keys: _col0 (type: bigint), _col6 (type: int), _col7 (type: int)
                    mode: hash
                    outputColumnNames: _col0, _col1, _col2, _col3
                    Statistics: Num rows: 11392596 Data size: 1853427194 Basic stats: COMPLETE Column stats: NONE
                    File Output Operator
                      compressed: false
                      table:
                          input format: org.apache.hadoop.mapred.SequenceFileInputFormat
                          output format: org.apache.hadoop.hive.ql.io.HiveSequenceFileOutputFormat
                          serde: org.apache.hadoop.hive.serde2.lazybinary.LazyBinarySerDe
      Execution mode: vectorized
      Local Work:
        Map Reduce Local Work

  Stage: Stage-2
    Map Reduce
      Map Operator Tree:
          TableScan
            Reduce Output Operator
              sort order:
              Statistics: Num rows: 1264110 Data size: 168872118 Basic stats: COMPLETE Column stats: NONE
              value expressions: _col0 (type: bigint), _col1 (type: int), _col2 (type: int), _col3 (type: int), _col4 (type: int), _col5 (type: bigint)
          TableScan
            Reduce Output Operator
              sort order:
              Statistics: Num rows: 730 Data size: 20511 Basic stats: COMPLETE Column stats: NONE
              value expressions: _col0 (type: int), _col1 (type: int)
      Reduce Operator Tree:
        Join Operator
          condition map:
               Inner Join 0 to 1
          keys:
            0
            1
          outputColumnNames: _col0, _col1, _col2, _col3, _col4, _col5, _col6, _col7
          Statistics: Num rows: 922800300 Data size: 150127606650 Basic stats: COMPLETE Column stats: NONE
          Filter Operator
            predicate: ((_col4 >= _col6) and (_col3 >= _col7) and (_col2 <= _col6) and (_col1 <= _col7)) (type: boolean)
            Statistics: Num rows: 11392596 Data size: 1853427194 Basic stats: COMPLETE Column stats: NONE
            Select Operator
              expressions: _col0 (type: bigint), _col5 (type: bigint), _col6 (type: int), _col7 (type: int)
              outputColumnNames: _col0, _col5, _col6, _col7
              Statistics: Num rows: 11392596 Data size: 1853427194 Basic stats: COMPLETE Column stats: NONE
              Group By Operator
                aggregations: sum(_col5)
                keys: _col0 (type: bigint), _col6 (type: int), _col7 (type: int)
                mode: hash
                outputColumnNames: _col0, _col1, _col2, _col3
                Statistics: Num rows: 11392596 Data size: 1853427194 Basic stats: COMPLETE Column stats: NONE
                File Output Operator
                  compressed: false
                  table:
                      input format: org.apache.hadoop.mapred.SequenceFileInputFormat
                      output format: org.apache.hadoop.hive.ql.io.HiveSequenceFileOutputFormat
                      serde: org.apache.hadoop.hive.serde2.lazybinary.LazyBinarySerDe

  Stage: Stage-5
    Map Reduce
      Map Operator Tree:
          TableScan
            alias: date_dim
            Statistics: Num rows: 1461 Data size: 41051 Basic stats: COMPLETE Column stats: NONE
            Select Operator
              expressions: year (type: int), month (type: int)
              outputColumnNames: year, month
              Statistics: Num rows: 1461 Data size: 41051 Basic stats: COMPLETE Column stats: NONE
              Group By Operator
                keys: year (type: int), month (type: int)
                mode: hash
                outputColumnNames: _col0, _col1
                Statistics: Num rows: 1461 Data size: 41051 Basic stats: COMPLETE Column stats: NONE
                Reduce Output Operator
                  key expressions: _col0 (type: int), _col1 (type: int)
                  sort order: ++
                  Map-reduce partition columns: _col0 (type: int), _col1 (type: int)
                  Statistics: Num rows: 1461 Data size: 41051 Basic stats: COMPLETE Column stats: NONE
      Execution mode: vectorized
      Reduce Operator Tree:
        Group By Operator
          keys: KEY._col0 (type: int), KEY._col1 (type: int)
          mode: mergepartial
          outputColumnNames: _col0, _col1
          Statistics: Num rows: 730 Data size: 20511 Basic stats: COMPLETE Column stats: NONE
          File Output Operator
            compressed: false
            table:
                input format: org.apache.hadoop.mapred.SequenceFileInputFormat
                output format: org.apache.hadoop.hive.ql.io.HiveSequenceFileOutputFormat
                serde: org.apache.hadoop.hive.serde2.lazybinary.LazyBinarySerDe

  Stage: Stage-0
    Fetch Operator
      limit: -1
      Processor Tree:
        ListSink